<?xml version="1.0" encoding="UTF-8"?>
<!-- Generated by org.testng.reporters.JUnitXMLReporter -->
<testsuite ignored="6" hostname="IPMDM20" failures="0" tests="1" name="Default test" time="4.414" errors="0" timestamp="2025-04-29T16:42:01 IST">
  <testcase classname="com.midas.api.testcases.OAuthAPITest" name="testLogInEndPointSQLInjection" time="4.366"/>
  <testcase classname="com.midas.api.testcases.OAuthAPITest" name="testGetUserTypeList" time="0.0">
    <ignored/>
  </testcase> <!-- testGetUserTypeList -->
  <testcase classname="com.midas.api.testcases.OAuthAPITest" name="testLogInEndPoint" time="0.0">
    <ignored/>
  </testcase> <!-- testLogInEndPoint -->
  <testcase classname="com.midas.api.testcases.OAuthAPITest" name="testLoginEndPointXSSInjection" time="0.0">
    <ignored/>
  </testcase> <!-- testLoginEndPointXSSInjection -->
  <testcase classname="com.midas.api.testcases.OAuthAPITest" name="testGetAllUserList" time="0.0">
    <ignored/>
  </testcase> <!-- testGetAllUserList -->
  <testcase classname="com.midas.api.testcases.OAuthAPITest" name="testSSOLogInEndPoint" time="0.0">
    <ignored/>
  </testcase> <!-- testSSOLogInEndPoint -->
  <testcase classname="com.midas.api.testcases.OAuthAPITest" name="testAccessTokenEndPoint" time="0.0">
    <ignored/>
  </testcase> <!-- testAccessTokenEndPoint -->
</testsuite> <!-- Default test -->
