<?xml version="1.0" encoding="UTF-8"?>
<!-- Generated by org.testng.reporters.JUnitXMLReporter -->
<testsuite ignored="2" hostname="IPMDM20" failures="0" tests="1" name="Test" time="8.478" errors="0" timestamp="2025-02-04T11:59:31 IST">
  <testcase classname="com.midas.qa.testcases.LoginPageTest" name="LogoImageTest" time="0.083"/>
  <testcase classname="com.midas.qa.testcases.LoginPageTest" name="loginPageTitleTest" time="0.0">
    <ignored/>
  </testcase> <!-- loginPageTitleTest -->
  <testcase classname="com.midas.qa.testcases.LoginPageTest" name="loginTest" time="0.0">
    <ignored/>
  </testcase> <!-- loginTest -->
</testsuite> <!-- Test -->
