<?xml version="1.0" encoding="UTF-8"?>
<!-- Generated by org.testng.reporters.JUnitXMLReporter -->
<testsuite ignored="2" hostname="IPMDM20" failures="0" tests="1" name="Test" time="9.046" errors="0" timestamp="2025-04-01T17:54:08 IST">
  <testcase classname="com.midas.qa.testcases.LoginPageTest" name="LogoImageTest" time="0.139"/>
  <testcase classname="com.midas.qa.testcases.LoginPageTest" name="loginTest" time="0.0">
    <ignored/>
  </testcase> <!-- loginTest -->
  <testcase classname="com.midas.qa.testcases.LoginPageTest" name="loginPageTitleTest" time="0.0">
    <ignored/>
  </testcase> <!-- loginPageTitleTest -->
</testsuite> <!-- Test -->
