<?xml version="1.0" encoding="UTF-8"?>
<testng-results ignored="6" total="7" passed="1" failed="0" skipped="0">
  <reporter-output>
  </reporter-output>
  <suite started-at="2025-04-29T16:41:57 IST" name="Default suite" finished-at="2025-04-29T16:42:01 IST" duration-ms="4414">
    <groups>
    </groups>
    <test started-at="2025-04-29T16:41:57 IST" name="Default test" finished-at="2025-04-29T16:42:01 IST" duration-ms="4414">
      <class name="com.midas.api.testcases.OAuthAPITest">
        <test-method signature="testLogInEndPointSQLInjection()[pri:0, instance:com.midas.api.testcases.OAuthAPITest@18078bef]" started-at="2025-04-29T16:41:57 IST" name="testLogInEndPointSQLInjection" description="SQL Injections" finished-at="2025-04-29T16:42:01 IST" duration-ms="4366" status="PASS">
          <reporter-output>
          </reporter-output>
        </test-method> <!-- testLogInEndPointSQLInjection -->
      </class> <!-- com.midas.api.testcases.OAuthAPITest -->
    </test> <!-- Default test -->
  </suite> <!-- Default suite -->
</testng-results>
